<?xml version="1.0" encoding="UTF-8"?>
<!-- Generated by org.testng.reporters.JUnitReportReporter -->
<testsuite hostname="EFS-Arfa" failures="0" tests="1" name="driverFactory.AppTest" time="6.131" errors="0" timestamp="2024-06-20T16:57:13 IST" skipped="0">
  <testcase classname="driverFactory.AppTest" name="kickStart" time="6.131"/>
</testsuite> <!-- driverFactory.AppTest -->
